{"ts":1733094843690,"action":"PROJECT_OPENED","tags":{"PROJECT_NAME":"MultiplayerGame"}}
{"ts":1733094861402,"action":"IDE_DEACTIVATED"}
{"ts":1733094863452,"action":"IDE_ACTIVATED"}
{"ts":1733094947195,"action":"IDE_DEACTIVATED"}
{"ts":1733094998314,"action":"IDE_ACTIVATED"}
{"ts":1733095018392,"action":"IDE_DEACTIVATED"}
{"ts":1733095020452,"action":"IDE_ACTIVATED"}
{"ts":1733095130262,"action":"IDE_DEACTIVATED"}
{"ts":1733095137737,"action":"IDE_ACTIVATED"}
{"ts":1733095138136,"action":"IDE_DEACTIVATED"}
{"ts":1733095141292,"action":"IDE_ACTIVATED"}
{"ts":1733095157256,"action":"IDE_DEACTIVATED"}
{"ts":1733095162738,"action":"IDE_ACTIVATED"}
{"ts":1733095191512,"action":"IDE_DEACTIVATED"}
{"ts":1733095567335,"action":"IDE_ACTIVATED"}
{"ts":1733095601093,"action":"IDE_DEACTIVATED"}
{"ts":1733095628269,"action":"IDE_ACTIVATED"}
{"ts":1733095658125,"action":"FILE_CLOSED","file":"/Assets/Scripts/JoinGameManager.cs","tags":{"FILE_LINE_OF_CODE":"46"}}
{"ts":1733095674709,"action":"FILE_OPENED","file":"/Assets/Scripts/JoinGameManager.cs","tags":{"FILE_LINE_OF_CODE":"46"}}
{"ts":1733095696258,"action":"FILE_CLOSED","file":"/Assets/Scripts/JoinGameManager.cs","tags":{"FILE_LINE_OF_CODE":"46"}}
{"ts":1733095722334,"action":"FILE_OPENED","file":"/Assets/Scripts/JoinGameManager.cs","tags":{"FILE_LINE_OF_CODE":"46"}}
{"ts":1733095730138,"action":"FILE_CLOSED","file":"/Assets/Scripts/JoinGameManager.cs","tags":{"FILE_LINE_OF_CODE":"46"}}
{"ts":1733095740870,"action":"FILE_OPENED","file":"/Assets/Scripts/JoinGameManager.cs","tags":{"FILE_LINE_OF_CODE":"46"}}
{"ts":1733095799471,"action":"IDE_DEACTIVATED"}
{"ts":1733095802251,"action":"IDE_ACTIVATED"}
{"ts":1733095836179,"action":"IDE_DEACTIVATED"}
{"ts":1733095882948,"action":"IDE_ACTIVATED"}
{"ts":1733095882959,"action":"IDE_DEACTIVATED"}
{"ts":1733095899115,"action":"IDE_ACTIVATED"}
{"ts":1733095928239,"action":"IDE_DEACTIVATED"}
{"ts":1733096039902,"action":"IDE_ACTIVATED"}
{"ts":1733096059970,"action":"IDE_DEACTIVATED"}
{"ts":1733096268504,"action":"IDE_ACTIVATED"}
{"ts":1733096320005,"action":"FILE_CLOSED","file":"/Assets/Scripts/JoinGameManager.cs","tags":{"FILE_LINE_OF_CODE":"54"}}
{"ts":1733096356122,"action":"IDE_DEACTIVATED"}
{"ts":1733096418408,"action":"IDE_ACTIVATED"}
{"ts":1733096689892,"action":"IDE_DEACTIVATED"}
{"ts":1733096732752,"action":"IDE_ACTIVATED"}
{"ts":1733096735031,"action":"FILE_CLOSED","file":"/Assets/Scripts/Client/PlayerControls.cs","tags":{"FILE_LINE_OF_CODE":"48"}}
{"ts":1733096735031,"action":"FILE_OPENED","file":"/Assets/Scripts/JoinGameManager.cs","tags":{"FILE_LINE_OF_CODE":"54"}}
{"ts":1733096747789,"action":"IDE_DEACTIVATED"}
{"ts":1733096762908,"action":"FILE_CLOSED","file":"/Assets/Scripts/JoinGameManager.cs","tags":{"FILE_LINE_OF_CODE":"55"}}
{"ts":1733096763093,"action":"IDE_ACTIVATED"}
{"ts":1733096768388,"action":"FILE_OPENED","file":"/Assets/Scripts/JoinGameManager.cs","tags":{"FILE_LINE_OF_CODE":"55"}}
{"ts":1733096776271,"action":"IDE_DEACTIVATED"}
{"ts":1733096778933,"action":"IDE_ACTIVATED"}
{"ts":1733096779351,"action":"IDE_DEACTIVATED"}
{"ts":1733096781395,"action":"IDE_ACTIVATED"}
{"ts":1733096785293,"action":"IDE_DEACTIVATED"}
{"ts":1733096803518,"action":"IDE_ACTIVATED"}
{"ts":1733096807494,"action":"IDE_DEACTIVATED"}
{"ts":1733096810894,"action":"IDE_ACTIVATED"}
{"ts":1733096841362,"action":"IDE_DEACTIVATED"}
{"ts":1733096881451,"action":"IDE_ACTIVATED"}
{"ts":1733096884582,"action":"IDE_DEACTIVATED"}
{"ts":1733096991122,"action":"IDE_ACTIVATED"}
{"ts":1733096992782,"action":"IDE_DEACTIVATED"}
{"ts":1733096994852,"action":"IDE_ACTIVATED"}
{"ts":1733096996908,"action":"IDE_DEACTIVATED"}
{"ts":1733096997553,"action":"IDE_ACTIVATED"}
{"ts":1733097000114,"action":"FILE_CLOSED","file":"/Assets/Scripts/JoinGameManager.cs","tags":{"FILE_LINE_OF_CODE":"67"}}
{"ts":1733097000114,"action":"FILE_OPENED","file":"/Assets/Scripts/Client/PlayerControls.cs","tags":{"FILE_LINE_OF_CODE":"48"}}
{"ts":1733097065071,"action":"IDE_DEACTIVATED"}
{"ts":1733099472300,"action":"IDE_ACTIVATED"}
{"ts":1733099484601,"action":"PROJECT_CLOSED","tags":{"PROJECT_NAME":"MultiplayerGame"}}
{"ts":1733107610659,"action":"PROJECT_OPENED","tags":{"PROJECT_NAME":"MultiplayerGame"}}
{"ts":1733107613189,"action":"IDE_DEACTIVATED"}
{"ts":1733107617034,"action":"IDE_ACTIVATED"}
{"ts":1733107622964,"action":"IDE_DEACTIVATED"}
{"ts":1733107628937,"action":"IDE_ACTIVATED"}
{"ts":1733107629455,"action":"IDE_DEACTIVATED"}
{"ts":1733107644423,"action":"IDE_ACTIVATED"}
{"ts":1733107654228,"action":"FILE_CLOSED","file":"/Assets/Scripts/Client/PlayerControls.cs","tags":{"FILE_LINE_OF_CODE":"60"}}
{"ts":1733107658888,"action":"FILE_CLOSED","file":"/Assets/Scripts/Client/CameraController.cs","tags":{"FILE_LINE_OF_CODE":"7"}}
{"ts":1733107667982,"action":"FILE_CLOSED","file":"/Assets/Scripts/Global/Registry.cs","tags":{"FILE_LINE_OF_CODE":"7"}}
{"ts":1733107675956,"action":"FILE_CLOSED","file":"/Assets/Scripts/Global/SharedGameState.cs","tags":{"FILE_LINE_OF_CODE":"9"}}
{"ts":1733107675956,"action":"FILE_OPENED","file":"/Assets/Scripts/Global/Registry.cs","tags":{"FILE_LINE_OF_CODE":"7"}}
{"ts":1733107682405,"action":"FILE_CLOSED","file":"/Assets/Scripts/Global/Registry.cs","tags":{"FILE_LINE_OF_CODE":"9"}}
{"ts":1733107684012,"action":"FILE_OPENED","file":"/Assets/Scripts/Global/SharedGameState.cs","tags":{"FILE_LINE_OF_CODE":"9"}}
{"ts":1733107684441,"action":"FILE_CLOSED","file":"/Assets/Scripts/Global/SharedGameState.cs","tags":{"FILE_LINE_OF_CODE":"9"}}
{"ts":1733107684441,"action":"FILE_OPENED","file":"/Assets/Scripts/Global/Registry.cs","tags":{"FILE_LINE_OF_CODE":"9"}}
{"ts":1733107743408,"action":"FILE_CLOSED","file":"/Assets/Scripts/Global/Registry.cs","tags":{"FILE_LINE_OF_CODE":"9"}}
{"ts":1733107743408,"action":"FILE_OPENED","file":"/Assets/Scripts/Client/PlayerControls.cs","tags":{"FILE_LINE_OF_CODE":"60"}}
{"ts":1733107744272,"action":"FILE_CLOSED","file":"/Assets/Scripts/Client/PlayerControls.cs","tags":{"FILE_LINE_OF_CODE":"60"}}
{"ts":1733107744272,"action":"FILE_OPENED","file":"/Assets/Scripts/Client/CameraController.cs","tags":{"FILE_LINE_OF_CODE":"7"}}
{"ts":1733107746045,"action":"FILE_CLOSED","file":"/Assets/Scripts/Client/CameraController.cs","tags":{"FILE_LINE_OF_CODE":"7"}}
{"ts":1733107746045,"action":"FILE_OPENED","file":"/Assets/Scripts/Global/Registry.cs","tags":{"FILE_LINE_OF_CODE":"9"}}
{"ts":1733107764654,"action":"FILE_CLOSED","file":"/Assets/Scripts/Global/Registry.cs","tags":{"FILE_LINE_OF_CODE":"11"}}
{"ts":1733107764654,"action":"FILE_OPENED","file":"/Assets/Scripts/Global/SharedGameState.cs","tags":{"FILE_LINE_OF_CODE":"9"}}
{"ts":1733107782447,"action":"IDE_DEACTIVATED"}
{"ts":1733107813731,"action":"IDE_ACTIVATED"}
{"ts":1733107814988,"action":"IDE_DEACTIVATED"}
{"ts":1733107840203,"action":"IDE_ACTIVATED"}
{"ts":1733107840444,"action":"IDE_DEACTIVATED"}
{"ts":1733108019831,"action":"IDE_ACTIVATED"}
{"ts":1733108021216,"action":"FILE_CLOSED","file":"/Assets/Scripts/Global/SharedGameState.cs","tags":{"FILE_LINE_OF_CODE":"9"}}
{"ts":1733108021216,"action":"FILE_OPENED","file":"/Assets/Scripts/Client/CameraController.cs","tags":{"FILE_LINE_OF_CODE":"7"}}
{"ts":1733108031518,"action":"IDE_DEACTIVATED"}
{"ts":1733108043008,"action":"IDE_ACTIVATED"}
{"ts":1733108044250,"action":"IDE_DEACTIVATED"}
{"ts":1733108046449,"action":"IDE_ACTIVATED"}
{"ts":1733108047386,"action":"IDE_DEACTIVATED"}
{"ts":1733108048385,"action":"IDE_ACTIVATED"}
{"ts":1733108050241,"action":"IDE_DEACTIVATED"}
{"ts":1733108051813,"action":"IDE_ACTIVATED"}
{"ts":1733108055194,"action":"IDE_DEACTIVATED"}
{"ts":1733108072028,"action":"IDE_ACTIVATED"}
{"ts":1733108265775,"action":"IDE_DEACTIVATED"}
{"ts":1733108268010,"action":"IDE_ACTIVATED"}
{"ts":1733108268784,"action":"IDE_DEACTIVATED"}
{"ts":1733108323518,"action":"IDE_ACTIVATED"}
{"ts":1733108326562,"action":"IDE_DEACTIVATED"}
{"ts":1733108337506,"action":"IDE_ACTIVATED"}
{"ts":1733108339406,"action":"IDE_DEACTIVATED"}
{"ts":1733108341752,"action":"IDE_ACTIVATED"}
{"ts":1733108362307,"action":"IDE_DEACTIVATED"}
{"ts":1733108406275,"action":"IDE_ACTIVATED"}
{"ts":1733108406295,"action":"IDE_DEACTIVATED"}
{"ts":1733108409411,"action":"IDE_ACTIVATED"}
{"ts":1733108410818,"action":"FILE_CLOSED","file":"/Assets/Scripts/Client/CameraController.cs","tags":{"FILE_LINE_OF_CODE":"47"}}
{"ts":1733108410818,"action":"FILE_OPENED","file":"/Assets/Scripts/JoinGameManager.cs","tags":{"FILE_LINE_OF_CODE":"67"}}
{"ts":1733108427370,"action":"IDE_DEACTIVATED"}
{"ts":1733108430368,"action":"IDE_ACTIVATED"}
{"ts":1733108430819,"action":"IDE_DEACTIVATED"}
{"ts":1733108452384,"action":"IDE_ACTIVATED"}
{"ts":1733108464303,"action":"IDE_DEACTIVATED"}
{"ts":1733108682528,"action":"IDE_ACTIVATED"}
{"ts":1733108684314,"action":"FILE_CLOSED","file":"/Assets/Scripts/JoinGameManager.cs","tags":{"FILE_LINE_OF_CODE":"68"}}
{"ts":1733108684315,"action":"FILE_OPENED","file":"/Assets/Scripts/Client/PlayerControls.cs","tags":{"FILE_LINE_OF_CODE":"60"}}
{"ts":1733108685382,"action":"FILE_CLOSED","file":"/Assets/Scripts/Client/PlayerControls.cs","tags":{"FILE_LINE_OF_CODE":"60"}}
{"ts":1733108685382,"action":"FILE_OPENED","file":"/Assets/Scripts/Client/CameraController.cs","tags":{"FILE_LINE_OF_CODE":"47"}}
{"ts":1733108688785,"action":"FILE_CLOSED","file":"/Assets/Scripts/Client/CameraController.cs","tags":{"FILE_LINE_OF_CODE":"47"}}
{"ts":1733108688785,"action":"FILE_OPENED","file":"/Assets/Scripts/Global/Registry.cs","tags":{"FILE_LINE_OF_CODE":"11"}}
{"ts":1733108702142,"action":"IDE_DEACTIVATED"}
{"ts":1733108739210,"action":"IDE_ACTIVATED"}
{"ts":1733108741132,"action":"PROJECT_CLOSED","tags":{"PROJECT_NAME":"MultiplayerGame"}}
{"ts":1733132776408,"action":"PROJECT_OPENED","tags":{"PROJECT_NAME":"MultiplayerGame"}}
